<?xml version="1.0" encoding="UTF-8"?>
<testsuite name="br.edu.unifalmg.repository.FileChoreRepositoryTest" tests="8" skipped="0" failures="0" errors="0" timestamp="2023-11-01T03:03:53" hostname="IDEAPAD-I3" time="1.975">
  <properties/>
  <testcase name="#save &gt; When saving a null file &gt; Should return false" classname="br.edu.unifalmg.repository.FileChoreRepositoryTest" time="1.851"/>
  <testcase name="#save &gt; When saving an invalid file &gt; Should return false" classname="br.edu.unifalmg.repository.FileChoreRepositoryTest" time="0.012"/>
  <testcase name="#save &gt; When saving a file with a null chore &gt; Should return false" classname="br.edu.unifalmg.repository.FileChoreRepositoryTest" time="0.009"/>
  <testcase name="#load &gt; When the file is found &gt; When the content is empty &gt; Return empty list" classname="br.edu.unifalmg.repository.FileChoreRepositoryTest" time="0.011"/>
  <testcase name="#load &gt; When the file is not found (or path is invalid) &gt; Return an empty list" classname="br.edu.unifalmg.repository.FileChoreRepositoryTest" time="0.014"/>
  <testcase name="#save &gt; When saving a valid file &gt; Should return true" classname="br.edu.unifalmg.repository.FileChoreRepositoryTest" time="0.012"/>
  <testcase name="#save &gt; When saving an empty file &gt; Should return false" classname="br.edu.unifalmg.repository.FileChoreRepositoryTest" time="0.008"/>
  <testcase name="#load &gt; When the file is loaded &gt; Return a chores' list" classname="br.edu.unifalmg.repository.FileChoreRepositoryTest" time="0.027"/>
  <system-out><![CDATA[ERROR: Unable to write the chores on the file.
ERROR: Unable to write the chores on the file.
ERROR: Unable to write the chores on the file.
Unable to convert the content of the file into Chores!
ERROR: Unable to open file.
ERROR: Unable to write the chores on the file.
]]></system-out>
  <system-err><![CDATA[]]></system-err>
</testsuite>
